<?xml version="1.0" encoding="UTF-8"?>
<!-- Generated by org.testng.reporters.JUnitReportReporter -->
<testsuite hostname="DESKTOP-OA3ENQ8" failures="0" tests="4" name="main.TestApiUser" time="3.287" errors="0" timestamp="2021-05-21T16:56:23 ICT" skipped="0">
  <testcase classname="main.TestApiUser" name="getKeyToken" time="1.976"/>
  <system-out/>
  <testcase classname="main.TestApiUser" name="createUser" time="0.325"/>
  <system-out/>
  <testcase classname="main.TestApiUser" name="updateUser" time="0.789"/>
  <system-out/>
  <testcase classname="main.TestApiUser" name="deleteUser" time="0.197"/>
  <system-out/>
</testsuite> <!-- main.TestApiUser -->
